# JRE version: OpenJDK Runtime Environment (8.0_152-b01) (build 1.8.0_152-release-915-b01)
# Java VM: OpenJDK 64-Bit Server VM (25.152-b01 mixed mode windows-amd64 compressed oops)
Heap:
 PSYoungGen      total 398336K, used 229209K [0x00000000e0000000, 0x00000000fe300000, 0x0000000100000000)
  eden space 329216K, 53% used [0x00000000e0000000,0x00000000eab08400,0x00000000f4180000)
  from space 69120K, 78% used [0x00000000f8a80000,0x00000000fbf4e0a8,0x00000000fce00000)
  to   space 74752K, 0% used [0x00000000f4180000,0x00000000f4180000,0x00000000f8a80000)
 ParOldGen       total 161792K, used 95976K [0x00000000a0000000, 0x00000000a9e00000, 0x00000000e0000000)
  object space 161792K, 59% used [0x00000000a0000000,0x00000000a5dba318,0x00000000a9e00000)
 Metaspace       used 83116K, capacity 87332K, committed 87700K, reserved 1126400K
  class space    used 10545K, capacity 11549K, committed 11668K, reserved 1048576K
GC Heap History (10 events):
Event: 2193.129 GC heap before
{Heap before GC invocations=23 (full 3):
 PSYoungGen      total 222720K, used 222689K [0x00000000e0000000, 0x00000000f2e80000, 0x0000000100000000)
  eden space 194048K, 100% used [0x00000000e0000000,0x00000000ebd80000,0x00000000ebd80000)
  from space 28672K, 99% used [0x00000000ebd80000,0x00000000ed978468,0x00000000ed980000)
  to   space 34304K, 0% used [0x00000000f0d00000,0x00000000f0d00000,0x00000000f2e80000)
 ParOldGen       total 161792K, used 52802K [0x00000000a0000000, 0x00000000a9e00000, 0x00000000e0000000)
  object space 161792K, 32% used [0x00000000a0000000,0x00000000a3390bc0,0x00000000a9e00000)
 Metaspace       used 76925K, capacity 80784K, committed 80916K, reserved 1120256K
  class space    used 9960K, capacity 10903K, committed 11028K, reserved 1048576K
Event: 2193.176 GC heap after
Heap after GC invocations=23 (full 3):
 PSYoungGen      total 270336K, used 32464K [0x00000000e0000000, 0x00000000f3280000, 0x0000000100000000)
  eden space 236032K, 0% used [0x00000000e0000000,0x00000000e0000000,0x00000000ee680000)
  from space 34304K, 94% used [0x00000000f0d00000,0x00000000f2cb4330,0x00000000f2e80000)
  to   space 38912K, 0% used [0x00000000ee680000,0x00000000ee680000,0x00000000f0c80000)
 ParOldGen       total 161792K, used 52818K [0x00000000a0000000, 0x00000000a9e00000, 0x00000000e0000000)
  object space 161792K, 32% used [0x00000000a0000000,0x00000000a3394bc0,0x00000000a9e00000)
 Metaspace       used 76925K, capacity 80784K, committed 80916K, reserved 1120256K
  class space    used 9960K, capacity 10903K, committed 11028K, reserved 1048576K
}
Event: 2208.760 GC heap before
{Heap before GC invocations=24 (full 3):
 PSYoungGen      total 270336K, used 268496K [0x00000000e0000000, 0x00000000f3280000, 0x0000000100000000)
  eden space 236032K, 100% used [0x00000000e0000000,0x00000000ee680000,0x00000000ee680000)
  from space 34304K, 94% used [0x00000000f0d00000,0x00000000f2cb4330,0x00000000f2e80000)
  to   space 38912K, 0% used [0x00000000ee680000,0x00000000ee680000,0x00000000f0c80000)
 ParOldGen       total 161792K, used 52818K [0x00000000a0000000, 0x00000000a9e00000, 0x00000000e0000000)
  object space 161792K, 32% used [0x00000000a0000000,0x00000000a3394bc0,0x00000000a9e00000)
 Metaspace       used 81230K, capacity 85320K, committed 85524K, reserved 1124352K
  class space    used 10462K, capacity 11439K, committed 11540K, reserved 1048576K
Event: 2208.828 GC heap after
Heap after GC invocations=24 (full 3):
 PSYoungGen      total 274944K, used 38903K [0x00000000e0000000, 0x00000000f6f80000, 0x0000000100000000)
  eden space 236032K, 0% used [0x00000000e0000000,0x00000000e0000000,0x00000000ee680000)
  from space 38912K, 99% used [0x00000000ee680000,0x00000000f0c7dfb0,0x00000000f0c80000)
  to   space 47104K, 0% used [0x00000000f4180000,0x00000000f4180000,0x00000000f6f80000)
 ParOldGen       total 161792K, used 59040K [0x00000000a0000000, 0x00000000a9e00000, 0x00000000e0000000)
  object space 161792K, 36% used [0x00000000a0000000,0x00000000a39a81b0,0x00000000a9e00000)
 Metaspace       used 81230K, capacity 85320K, committed 85524K, reserved 1124352K
  class space    used 10462K, capacity 11439K, committed 11540K, reserved 1048576K
}
Event: 2213.974 GC heap before
{Heap before GC invocations=25 (full 3):
 PSYoungGen      total 274944K, used 274106K [0x00000000e0000000, 0x00000000f6f80000, 0x0000000100000000)
  eden space 236032K, 99% used [0x00000000e0000000,0x00000000ee5b09a0,0x00000000ee680000)
  from space 38912K, 99% used [0x00000000ee680000,0x00000000f0c7dfb0,0x00000000f0c80000)
  to   space 47104K, 0% used [0x00000000f4180000,0x00000000f4180000,0x00000000f6f80000)
 ParOldGen       total 161792K, used 59040K [0x00000000a0000000, 0x00000000a9e00000, 0x00000000e0000000)
  object space 161792K, 36% used [0x00000000a0000000,0x00000000a39a81b0,0x00000000a9e00000)
 Metaspace       used 81933K, capacity 86076K, committed 86292K, reserved 1124352K
  class space    used 10508K, capacity 11501K, committed 11540K, reserved 1048576K
Event: 2214.050 GC heap after
Heap after GC invocations=25 (full 3):
 PSYoungGen      total 322560K, used 44882K [0x00000000e0000000, 0x00000000f7c80000, 0x0000000100000000)
  eden space 275456K, 0% used [0x00000000e0000000,0x00000000e0000000,0x00000000f0d00000)
  from space 47104K, 95% used [0x00000000f4180000,0x00000000f6d54b60,0x00000000f6f80000)
  to   space 53760K, 0% used [0x00000000f0d00000,0x00000000f0d00000,0x00000000f4180000)
 ParOldGen       total 161792K, used 63834K [0x00000000a0000000, 0x00000000a9e00000, 0x00000000e0000000)
  object space 161792K, 39% used [0x00000000a0000000,0x00000000a3e56980,0x00000000a9e00000)
 Metaspace       used 81933K, capacity 86076K, committed 86292K, reserved 1124352K
  class space    used 10508K, capacity 11501K, committed 11540K, reserved 1048576K
}
Event: 2218.763 GC heap before
{Heap before GC invocations=26 (full 3):
 PSYoungGen      total 322560K, used 320338K [0x00000000e0000000, 0x00000000f7c80000, 0x0000000100000000)
  eden space 275456K, 100% used [0x00000000e0000000,0x00000000f0d00000,0x00000000f0d00000)
  from space 47104K, 95% used [0x00000000f4180000,0x00000000f6d54b60,0x00000000f6f80000)
  to   space 53760K, 0% used [0x00000000f0d00000,0x00000000f0d00000,0x00000000f4180000)
 ParOldGen       total 161792K, used 63834K [0x00000000a0000000, 0x00000000a9e00000, 0x00000000e0000000)
  object space 161792K, 39% used [0x00000000a0000000,0x00000000a3e56980,0x00000000a9e00000)
 Metaspace       used 82794K, capacity 87012K, committed 87188K, reserved 1124352K
  class space    used 10543K, capacity 11549K, committed 11668K, reserved 1048576K
Event: 2218.899 GC heap after
Heap after GC invocations=26 (full 3):
 PSYoungGen      total 329216K, used 53744K [0x00000000e0000000, 0x00000000fce00000, 0x0000000100000000)
  eden space 275456K, 0% used [0x00000000e0000000,0x00000000e0000000,0x00000000f0d00000)
  from space 53760K, 99% used [0x00000000f0d00000,0x00000000f417c008,0x00000000f4180000)
  to   space 69120K, 0% used [0x00000000f8a80000,0x00000000f8a80000,0x00000000fce00000)
 ParOldGen       total 161792K, used 81292K [0x00000000a0000000, 0x00000000a9e00000, 0x00000000e0000000)
  object space 161792K, 50% used [0x00000000a0000000,0x00000000a4f63230,0x00000000a9e00000)
 Metaspace       used 82794K, capacity 87012K, committed 87188K, reserved 1124352K
  class space    used 10543K, capacity 11549K, committed 11668K, reserved 1048576K
}
Event: 2220.802 GC heap before
{Heap before GC invocations=27 (full 3):
 PSYoungGen      total 329216K, used 329200K [0x00000000e0000000, 0x00000000fce00000, 0x0000000100000000)
  eden space 275456K, 100% used [0x00000000e0000000,0x00000000f0d00000,0x00000000f0d00000)
  from space 53760K, 99% used [0x00000000f0d00000,0x00000000f417c008,0x00000000f4180000)
  to   space 69120K, 0% used [0x00000000f8a80000,0x00000000f8a80000,0x00000000fce00000)
 ParOldGen       total 161792K, used 81292K [0x00000000a0000000, 0x00000000a9e00000, 0x00000000e0000000)
  object space 161792K, 50% used [0x00000000a0000000,0x00000000a4f63230,0x00000000a9e00000)
 Metaspace       used 83003K, capacity 87204K, committed 87444K, reserved 1124352K
  class space    used 10544K, capacity 11549K, committed 11668K, reserved 1048576K
Event: 2220.899 GC heap after
Heap after GC invocations=27 (full 3):
 PSYoungGen      total 398336K, used 54072K [0x00000000e0000000, 0x00000000fe300000, 0x0000000100000000)
  eden space 329216K, 0% used [0x00000000e0000000,0x00000000e0000000,0x00000000f4180000)
  from space 69120K, 78% used [0x00000000f8a80000,0x00000000fbf4e0a8,0x00000000fce00000)
  to   space 74752K, 0% used [0x00000000f4180000,0x00000000f4180000,0x00000000f8a80000)
 ParOldGen       total 161792K, used 95976K [0x00000000a0000000, 0x00000000a9e00000, 0x00000000e0000000)
  object space 161792K, 59% used [0x00000000a0000000,0x00000000a5dba318,0x00000000a9e00000)
 Metaspace       used 83003K, capacity 87204K, committed 87444K, reserved 1124352K
  class space    used 10544K, capacity 11549K, committed 11668K, reserved 1048576K
}

